\BOOKMARK [1][-]{section.1}{\376\377\004\027\004\060\004\062\004\064\004\060\004\075\004\075\004\117}{}% 1
\BOOKMARK [2][-]{subsection.1.1}{\376\377\004\006\004\075\004\064\004\070\004\062\004\126\004\064\004\103\004\060\004\073\004\114\004\075\004\070\004\071\000\040\004\062\004\060\004\100\004\126\004\060\004\075\004\102}{section.1}% 2
\BOOKMARK [1][-]{section.2}{\376\377\004\042\004\065\004\076\004\100\004\065\004\102\004\070\004\107\004\075\004\126\000\040\004\062\004\126\004\064\004\076\004\074\004\076\004\101\004\102\004\126}{}% 3
\BOOKMARK [2][-]{subsection.2.1}{\376\377\004\036\004\077\004\070\004\101\000\040\004\104\004\103\004\075\004\072\004\106\004\126\004\071\000\040\004\077\004\100\004\076\004\063\004\100\004\060\004\074\004\070}{section.2}% 4
\BOOKMARK [3][-]{subsubsection.2.1.1}{\376\377\004\024\004\126\004\060\004\063\004\100\004\060\004\074\004\060\000\040\004\077\004\100\004\065\004\106\004\065\004\064\004\065\004\075\004\102\004\126\004\062\000\040\004\077\004\100\004\076\004\063\004\100\004\060\004\074\004\070}{subsection.2.1}% 5
\BOOKMARK [3][-]{subsubsection.2.1.2}{\376\377\004\041\004\077\004\065\004\106\004\070\004\104\004\126\004\072\004\060\004\106\004\126\004\117\000\040\004\104\004\103\004\075\004\072\004\106\004\126\004\071\000\040\004\077\004\100\004\076\004\063\004\100\004\060\004\074\004\070}{subsection.2.1}% 6
\BOOKMARK [2][-]{subsection.2.2}{\376\377\004\020\004\073\004\063\004\076\004\100\004\070\004\102\004\074\004\070\000\040\004\104\004\100\004\060\004\072\004\102\004\060\004\073\004\126\004\062}{section.2}% 7
\BOOKMARK [3][-]{subsubsection.2.2.1}{\376\377\004\044\004\100\004\060\004\072\004\102\004\060\004\073\000\040\004\034\004\060\004\075\004\064\004\065\004\073\004\114\004\061\004\100\004\076\004\102\004\060}{subsection.2.2}% 8
\BOOKMARK [3][-]{subsubsection.2.2.2}{\376\377\004\021\004\100\004\076\004\103\004\075\004\126\004\062\004\101\004\114\004\072\004\070\004\071\000\040\004\100\004\103\004\105}{subsection.2.2}% 9
\BOOKMARK [2][-]{subsection.2.3}{\376\377\004\020\004\075\004\076\004\102\004\060\004\106\004\126\004\117\000\040\004\072\004\076\004\073\004\114\004\076\004\100\004\076\004\062\004\070\004\105\000\040\004\074\004\076\004\064\004\065\004\073\004\065\004\071}{section.2}% 10
\BOOKMARK [3][-]{subsubsection.2.3.1}{\376\377\004\034\004\076\004\064\004\065\004\073\004\114\000\040\000R\000G\000B\000\040\000\050\000R\000e\000d\000,\000\040\000G\000r\000e\000e\000n\000,\000\040\000B\000l\000u\000e\000\051}{subsection.2.3}% 11
\BOOKMARK [3][-]{subsubsection.2.3.2}{\376\377\004\034\004\076\004\064\004\065\004\073\004\114\000\040\000H\000S\000V\000\040\000\050\000H\000u\000e\000,\000\040\000S\000a\000t\000u\000r\000a\000t\000i\000o\000n\000,\000\040\000V\000a\000l\000u\000e\000\051}{subsection.2.3}% 12
\BOOKMARK [2][-]{subsection.2.4}{\376\377\004\036\004\077\004\102\004\070\004\074\004\060\004\073\004\114\004\075\004\070\004\071\000\040\004\074\004\060\004\102\004\100\004\070\004\107\004\075\004\070\004\071\000\040\004\062\004\070\004\100\004\060\004\067\000\040\004\060\004\104\004\126\004\075\004\075\004\070\004\105\000\040\004\077\004\065\004\100\004\065\004\102\004\062\004\076\004\100\004\065\004\075\004\114}{section.2}% 13
\BOOKMARK [2][-]{subsection.2.5}{\376\377\004\040\004\065\004\060\004\073\004\126\004\067\004\060\004\106\004\126\004\117\000\040\004\063\004\100\004\060\004\104\004\126\004\107\004\075\004\076\004\063\004\076\000\040\004\100\004\065\004\066\004\070\004\074\004\103}{section.2}% 14
\BOOKMARK [1][-]{section.3}{\376\377\004\040\004\065\004\067\004\103\004\073\004\114\004\102\004\060\004\102\004\070}{}% 15
\BOOKMARK [2][-]{subsection.3.1}{\376\377\000W\000i\000r\000e\000f\000l\000o\000w}{section.3}% 16
\BOOKMARK [2][-]{subsection.3.2}{\376\377\004\022\004\070\004\063\004\073\004\117\004\064\000\040\004\074\004\076\004\064\004\103\004\073\004\116\000\040\000<\000<\004\044\004\100\004\060\004\072\004\102\004\060\004\073\004\070\000>\000>}{section.3}% 17
\BOOKMARK [2][-]{subsection.3.3}{\376\377\004\022\004\070\004\063\004\073\004\117\004\064\000\040\004\074\004\076\004\064\004\103\004\073\004\116\000\040\000<\000<\004\032\004\076\004\073\004\126\004\100\004\075\004\126\000\040\004\101\004\105\004\065\004\074\004\070\000>\000>}{section.3}% 18
\BOOKMARK [2][-]{subsection.3.4}{\376\377\004\022\004\070\004\063\004\073\004\117\004\064\000\040\004\074\004\076\004\064\004\103\004\073\004\116\000\040\000<\000<\004\040\004\103\004\105\004\076\004\074\004\126\000\040\004\067\004\076\004\061\004\100\004\060\004\066\004\065\004\075\004\075\004\117\000>\000>}{section.3}% 19
\BOOKMARK [2][-]{subsection.3.5}{\376\377\004\032\004\076\004\064\000\040\004\077\004\100\004\076\004\063\004\100\004\060\004\074\004\070}{section.3}% 20
\BOOKMARK [1][-]{section.4}{\376\377\004\022\004\070\004\101\004\075\004\076\004\062\004\072\004\070}{}% 21
\BOOKMARK [1][-]{section.5}{\376\377\004\041\004\077\004\070\004\101\004\076\004\072\000\040\004\062\004\070\004\072\004\076\004\100\004\070\004\101\004\102\004\060\004\075\004\070\004\105\000\040\004\126\004\075\004\104\004\076\004\100\004\074\004\060\004\106\004\126\004\071\004\075\004\070\004\105\000\040\004\064\004\066\004\065\004\100\004\065\004\073}{}% 22
